<?xml version="1.0" encoding="UTF-8"?>
<testng-results ignored="0" total="1" passed="1" failed="0" skipped="0">
  <reporter-output>
  </reporter-output>
  <suite started-at="2025-04-03T17:33:29 IST" name="Suite" finished-at="2025-04-03T17:33:50 IST" duration-ms="20811">
    <groups>
      <group name="cucumber">
        <method signature="AbstractTestNGCucumberTests.runScenario(io.cucumber.testng.PickleWrapper,io.cucumber.testng.FeatureWrapper)[pri:0, instance:com.runner.TestNGRunner@6f45df59]" name="runScenario" class="io.cucumber.testng.AbstractTestNGCucumberTests"/>
      </group> <!-- cucumber -->
    </groups>
    <test started-at="2025-04-03T17:33:29 IST" name="Test" finished-at="2025-04-03T17:33:50 IST" duration-ms="20811">
      <class name="com.runner.TestNGRunner">
        <test-method is-config="true" signature="setUpClass(org.testng.ITestContext)[pri:0, instance:com.runner.TestNGRunner@6f45df59]" started-at="2025-04-03T17:33:29 IST" name="setUpClass" finished-at="2025-04-03T17:33:30 IST" duration-ms="707" status="PASS">
          <params>
            <param index="0">
              <value>
                <![CDATA[org.testng.TestRunner@370c7cc5]]>
              </value>
            </param>
          </params>
          <reporter-output>
          </reporter-output>
        </test-method> <!-- setUpClass -->
        <test-method signature="runScenario(io.cucumber.testng.PickleWrapper,io.cucumber.testng.FeatureWrapper)[pri:0, instance:com.runner.TestNGRunner@6f45df59]" started-at="2025-04-03T17:33:30 IST" name="runScenario" description="Runs Cucumber Scenarios" data-provider="scenarios" finished-at="2025-04-03T17:33:45 IST" duration-ms="15302" status="PASS">
          <params>
            <param index="0">
              <value>
                <![CDATA["Login with valid details"]]>
              </value>
            </param>
            <param index="1">
              <value>
                <![CDATA["Login to HRM application"]]>
              </value>
            </param>
          </params>
          <reporter-output>
          </reporter-output>
        </test-method> <!-- runScenario -->
        <test-method is-config="true" signature="tearDownClass()[pri:0, instance:com.runner.TestNGRunner@6f45df59]" started-at="2025-04-03T17:33:45 IST" name="tearDownClass" finished-at="2025-04-03T17:33:50 IST" duration-ms="4743" status="PASS">
          <reporter-output>
          </reporter-output>
        </test-method> <!-- tearDownClass -->
      </class> <!-- com.runner.TestNGRunner -->
    </test> <!-- Test -->
  </suite> <!-- Suite -->
</testng-results>
